mode: set
rumah_resep/api/controllers/location/location.go:44.55,46.2 1 1
rumah_resep/api/controllers/location/location.go:48.48,52.24 2 0
rumah_resep/api/controllers/location/location.go:55.2,68.32 10 0
rumah_resep/api/controllers/location/location.go:76.2,76.25 1 0
rumah_resep/api/controllers/location/location.go:52.24,54.3 1 0
rumah_resep/api/controllers/location/location.go:68.32,69.18 1 0
rumah_resep/api/controllers/location/location.go:69.18,70.30 1 0
rumah_resep/api/controllers/location/location.go:73.4,73.29 1 0
rumah_resep/api/controllers/location/location.go:70.30,72.5 1 0
rumah_resep/api/controllers/location/location.go:81.54,87.16 3 1
rumah_resep/api/controllers/location/location.go:93.2,98.16 3 1
rumah_resep/api/controllers/location/location.go:104.2,108.16 3 1
rumah_resep/api/controllers/location/location.go:114.2,114.45 1 1
rumah_resep/api/controllers/location/location.go:136.2,136.21 1 1
rumah_resep/api/controllers/location/location.go:87.16,89.3 1 0
rumah_resep/api/controllers/location/location.go:98.16,100.3 1 0
rumah_resep/api/controllers/location/location.go:108.16,110.3 1 0
rumah_resep/api/controllers/location/location.go:114.45,116.42 1 1
rumah_resep/api/controllers/location/location.go:117.23,119.9 2 0
rumah_resep/api/controllers/location/location.go:120.27,122.9 2 0
rumah_resep/api/controllers/location/location.go:123.25,125.9 2 0
rumah_resep/api/controllers/location/location.go:126.26,128.9 2 1
rumah_resep/api/controllers/location/location.go:129.24,131.9 2 0
rumah_resep/api/controllers/location/location.go:132.11,133.9 1 0
rumah_resep/api/controllers/location/location.go:141.50,150.46 4 1
rumah_resep/api/controllers/location/location.go:155.2,156.16 2 1
rumah_resep/api/controllers/location/location.go:162.2,165.22 3 1
rumah_resep/api/controllers/location/location.go:150.46,152.3 1 1
rumah_resep/api/controllers/location/location.go:156.16,159.3 2 1
rumah_resep/api/controllers/location/location.go:168.69,172.16 4 1
rumah_resep/api/controllers/location/location.go:175.2,177.16 3 1
rumah_resep/api/controllers/location/location.go:181.2,183.16 3 1
rumah_resep/api/controllers/location/location.go:186.2,187.17 2 1
rumah_resep/api/controllers/location/location.go:190.2,190.20 1 1
rumah_resep/api/controllers/location/location.go:193.2,194.17 2 1
rumah_resep/api/controllers/location/location.go:197.2,198.17 2 1
rumah_resep/api/controllers/location/location.go:201.2,201.24 1 1
rumah_resep/api/controllers/location/location.go:204.2,205.17 2 1
rumah_resep/api/controllers/location/location.go:208.2,209.17 2 1
rumah_resep/api/controllers/location/location.go:212.2,212.30 1 1
rumah_resep/api/controllers/location/location.go:215.2,215.20 1 1
rumah_resep/api/controllers/location/location.go:218.2,219.17 2 1
rumah_resep/api/controllers/location/location.go:222.2,223.17 2 1
rumah_resep/api/controllers/location/location.go:227.2,227.26 1 1
rumah_resep/api/controllers/location/location.go:172.16,174.3 1 0
rumah_resep/api/controllers/location/location.go:177.16,179.3 1 0
rumah_resep/api/controllers/location/location.go:183.16,185.3 1 0
rumah_resep/api/controllers/location/location.go:187.17,189.3 1 0
rumah_resep/api/controllers/location/location.go:190.20,192.3 1 0
rumah_resep/api/controllers/location/location.go:194.17,196.3 1 0
rumah_resep/api/controllers/location/location.go:198.17,200.3 1 0
rumah_resep/api/controllers/location/location.go:201.24,203.3 1 0
rumah_resep/api/controllers/location/location.go:205.17,207.3 1 0
rumah_resep/api/controllers/location/location.go:209.17,211.3 1 0
rumah_resep/api/controllers/location/location.go:212.30,214.3 1 0
rumah_resep/api/controllers/location/location.go:215.20,217.3 1 0
rumah_resep/api/controllers/location/location.go:219.17,221.3 1 0
rumah_resep/api/controllers/location/location.go:223.17,225.3 1 0
rumah_resep/api/controllers/auth/auth.go:37.68,41.2 1 1
rumah_resep/api/controllers/auth/auth.go:43.80,46.45 2 1
rumah_resep/api/controllers/auth/auth.go:54.2,55.24 2 1
rumah_resep/api/controllers/auth/auth.go:63.2,76.16 3 1
rumah_resep/api/controllers/auth/auth.go:84.2,88.4 1 1
rumah_resep/api/controllers/auth/auth.go:46.45,52.3 1 0
rumah_resep/api/controllers/auth/auth.go:55.24,61.3 1 0
rumah_resep/api/controllers/auth/auth.go:76.16,82.3 1 0
rumah_resep/api/controllers/auth/auth.go:91.77,94.45 2 1
rumah_resep/api/controllers/auth/auth.go:102.2,104.16 2 1
rumah_resep/api/controllers/auth/auth.go:112.2,117.4 1 1
rumah_resep/api/controllers/auth/auth.go:94.45,100.3 1 0
rumah_resep/api/controllers/auth/auth.go:104.16,110.3 1 1
rumah_resep/api/controllers/checkouts/checkouts.go:17.84,21.2 1 1
rumah_resep/api/controllers/checkouts/checkouts.go:23.86,25.24 2 0
rumah_resep/api/controllers/checkouts/checkouts.go:33.2,34.42 2 0
rumah_resep/api/controllers/checkouts/checkouts.go:42.2,43.16 2 0
rumah_resep/api/controllers/checkouts/checkouts.go:51.2,53.32 3 0
rumah_resep/api/controllers/checkouts/checkouts.go:58.2,58.29 1 0
rumah_resep/api/controllers/checkouts/checkouts.go:68.2,73.4 1 0
rumah_resep/api/controllers/checkouts/checkouts.go:25.24,31.3 1 0
rumah_resep/api/controllers/checkouts/checkouts.go:34.42,40.3 1 0
rumah_resep/api/controllers/checkouts/checkouts.go:43.16,49.3 1 0
rumah_resep/api/controllers/checkouts/checkouts.go:53.32,56.3 2 0
rumah_resep/api/controllers/checkouts/checkouts.go:58.29,59.102 1 0
rumah_resep/api/controllers/checkouts/checkouts.go:59.102,65.4 1 0
rumah_resep/api/controllers/carts/carts.go:15.68,19.2 1 1
rumah_resep/api/controllers/carts/carts.go:21.78,29.24 4 1
rumah_resep/api/controllers/carts/carts.go:38.2,43.16 3 1
rumah_resep/api/controllers/carts/carts.go:51.2,55.4 1 1
rumah_resep/api/controllers/carts/carts.go:29.24,35.3 1 0
rumah_resep/api/controllers/carts/carts.go:43.16,49.3 1 0
rumah_resep/api/controllers/categories/category.go:32.84,36.2 1 1
rumah_resep/api/controllers/categories/category.go:41.42,44.2 2 1
rumah_resep/api/controllers/categories/category.go:46.86,48.21 2 1
rumah_resep/api/controllers/categories/category.go:56.2,57.16 2 1
rumah_resep/api/controllers/categories/category.go:65.2,70.4 1 1
rumah_resep/api/controllers/categories/category.go:48.21,54.3 1 0
rumah_resep/api/controllers/categories/category.go:57.16,63.3 1 0
rumah_resep/api/controllers/categories/category.go:73.83,75.21 2 1
rumah_resep/api/controllers/categories/category.go:83.2,85.16 2 1
rumah_resep/api/controllers/categories/category.go:93.2,94.16 2 1
rumah_resep/api/controllers/categories/category.go:102.2,107.4 1 1
rumah_resep/api/controllers/categories/category.go:75.21,81.3 1 0
rumah_resep/api/controllers/categories/category.go:85.16,91.3 1 0
rumah_resep/api/controllers/categories/category.go:94.16,100.3 1 0
rumah_resep/api/controllers/categories/category.go:110.86,112.21 2 0
rumah_resep/api/controllers/categories/category.go:120.2,122.49 2 0
rumah_resep/api/controllers/categories/category.go:130.2,136.16 3 0
rumah_resep/api/controllers/categories/category.go:144.2,148.4 1 0
rumah_resep/api/controllers/categories/category.go:112.21,118.3 1 0
rumah_resep/api/controllers/categories/category.go:122.49,128.3 1 0
rumah_resep/api/controllers/categories/category.go:136.16,142.3 1 0
rumah_resep/api/controllers/categories/category.go:151.84,153.21 2 0
rumah_resep/api/controllers/categories/category.go:161.2,163.16 2 0
rumah_resep/api/controllers/categories/category.go:171.2,172.49 2 0
rumah_resep/api/controllers/categories/category.go:180.2,184.71 2 0
rumah_resep/api/controllers/categories/category.go:192.2,196.4 1 0
rumah_resep/api/controllers/categories/category.go:153.21,159.3 1 0
rumah_resep/api/controllers/categories/category.go:163.16,169.3 1 0
rumah_resep/api/controllers/categories/category.go:172.49,178.3 1 0
rumah_resep/api/controllers/categories/category.go:184.71,190.3 1 0
rumah_resep/api/controllers/categories/category.go:199.86,201.21 2 0
rumah_resep/api/controllers/categories/category.go:209.2,211.16 2 0
rumah_resep/api/controllers/categories/category.go:219.2,219.63 1 0
rumah_resep/api/controllers/categories/category.go:227.2,231.4 1 0
rumah_resep/api/controllers/categories/category.go:201.21,207.3 1 0
rumah_resep/api/controllers/categories/category.go:211.16,217.3 1 0
rumah_resep/api/controllers/categories/category.go:219.63,225.3 1 0
rumah_resep/api/controllers/recipeIngredients/recipeIngredients.go:17.192,23.2 1 1
rumah_resep/api/controllers/recipeIngredients/recipeIngredients.go:25.101,38.16 5 0
rumah_resep/api/controllers/recipeIngredients/recipeIngredients.go:42.2,47.4 1 0
rumah_resep/api/controllers/recipeIngredients/recipeIngredients.go:38.16,40.3 1 0
rumah_resep/api/controllers/recipeIngredients/recipeIngredients.go:51.105,54.16 3 0
rumah_resep/api/controllers/recipeIngredients/recipeIngredients.go:62.2,67.4 1 0
rumah_resep/api/controllers/recipeIngredients/recipeIngredients.go:54.16,60.3 1 0
rumah_resep/api/controllers/transactions/transactions.go:19.152,25.2 1 1
rumah_resep/api/controllers/transactions/transactions.go:27.82,30.24 2 1
rumah_resep/api/controllers/transactions/transactions.go:39.2,40.16 2 1
rumah_resep/api/controllers/transactions/transactions.go:49.2,50.16 2 1
rumah_resep/api/controllers/transactions/transactions.go:59.2,60.16 2 0
rumah_resep/api/controllers/transactions/transactions.go:69.2,70.16 2 0
rumah_resep/api/controllers/transactions/transactions.go:79.2,80.45 2 0
rumah_resep/api/controllers/transactions/transactions.go:89.2,107.4 3 0
rumah_resep/api/controllers/transactions/transactions.go:30.24,36.3 1 0
rumah_resep/api/controllers/transactions/transactions.go:40.16,46.3 1 0
rumah_resep/api/controllers/transactions/transactions.go:50.16,56.3 1 1
rumah_resep/api/controllers/transactions/transactions.go:60.16,66.3 1 0
rumah_resep/api/controllers/transactions/transactions.go:70.16,76.3 1 0
rumah_resep/api/controllers/transactions/transactions.go:80.45,86.3 1 0
rumah_resep/api/controllers/stocks/stock.go:17.112,22.2 1 1
rumah_resep/api/controllers/stocks/stock.go:24.86,28.22 2 1
rumah_resep/api/controllers/stocks/stock.go:36.2,37.39 2 1
rumah_resep/api/controllers/stocks/stock.go:44.2,52.16 4 1
rumah_resep/api/controllers/stocks/stock.go:60.2,63.95 2 1
rumah_resep/api/controllers/stocks/stock.go:70.2,75.4 1 1
rumah_resep/api/controllers/stocks/stock.go:28.22,34.3 1 0
rumah_resep/api/controllers/stocks/stock.go:37.39,43.3 1 0
rumah_resep/api/controllers/stocks/stock.go:52.16,58.3 1 0
rumah_resep/api/controllers/stocks/stock.go:63.95,69.3 1 0
rumah_resep/api/controllers/stocks/stock.go:79.83,84.27 4 1
rumah_resep/api/controllers/stocks/stock.go:92.2,93.16 2 1
rumah_resep/api/controllers/stocks/stock.go:101.2,106.4 1 1
rumah_resep/api/controllers/stocks/stock.go:84.27,90.3 1 0
rumah_resep/api/controllers/stocks/stock.go:93.16,99.3 1 0
rumah_resep/api/controllers/recipesCategories/recipesCategories.go:21.67,27.2 1 1
rumah_resep/api/controllers/recipesCategories/recipesCategories.go:29.100,31.50 2 1
rumah_resep/api/controllers/recipesCategories/recipesCategories.go:39.2,44.16 3 1
rumah_resep/api/controllers/recipesCategories/recipesCategories.go:52.2,56.4 1 1
rumah_resep/api/controllers/recipesCategories/recipesCategories.go:31.50,37.3 1 0
rumah_resep/api/controllers/recipesCategories/recipesCategories.go:44.16,50.3 1 0
rumah_resep/api/controllers/recipesCategories/recipesCategories.go:60.102,63.31 3 1
rumah_resep/api/controllers/recipesCategories/recipesCategories.go:67.2,68.16 2 1
rumah_resep/api/controllers/recipesCategories/recipesCategories.go:75.2,80.4 1 1
rumah_resep/api/controllers/recipesCategories/recipesCategories.go:63.31,66.3 2 1
rumah_resep/api/controllers/recipesCategories/recipesCategories.go:68.16,74.3 1 0
rumah_resep/api/controllers/recipes/recipes.go:22.56,28.2 1 1
rumah_resep/api/controllers/recipes/recipes.go:30.82,34.40 3 1
rumah_resep/api/controllers/recipes/recipes.go:43.2,44.26 2 1
rumah_resep/api/controllers/recipes/recipes.go:53.2,60.16 3 1
rumah_resep/api/controllers/recipes/recipes.go:68.2,73.4 1 1
rumah_resep/api/controllers/recipes/recipes.go:34.40,40.3 1 0
rumah_resep/api/controllers/recipes/recipes.go:44.26,50.3 1 0
rumah_resep/api/controllers/recipes/recipes.go:60.16,66.3 1 0
rumah_resep/api/controllers/recipes/recipes.go:76.82,78.16 2 1
rumah_resep/api/controllers/recipes/recipes.go:86.2,91.4 1 1
rumah_resep/api/controllers/recipes/recipes.go:78.16,84.3 1 0
rumah_resep/api/controllers/recipes/recipes.go:94.83,96.16 2 1
rumah_resep/api/controllers/recipes/recipes.go:104.2,105.16 2 1
rumah_resep/api/controllers/recipes/recipes.go:113.2,118.4 1 1
rumah_resep/api/controllers/recipes/recipes.go:96.16,102.3 1 0
rumah_resep/api/controllers/recipes/recipes.go:105.16,111.3 1 0
rumah_resep/api/controllers/recipes/recipes.go:121.82,124.21 2 1
rumah_resep/api/controllers/recipes/recipes.go:133.2,134.16 2 1
rumah_resep/api/controllers/recipes/recipes.go:143.2,144.47 2 1
rumah_resep/api/controllers/recipes/recipes.go:151.2,157.16 3 1
rumah_resep/api/controllers/recipes/recipes.go:165.2,170.4 1 1
rumah_resep/api/controllers/recipes/recipes.go:124.21,130.3 1 0
rumah_resep/api/controllers/recipes/recipes.go:134.16,140.3 1 0
rumah_resep/api/controllers/recipes/recipes.go:144.47,150.3 1 0
rumah_resep/api/controllers/recipes/recipes.go:157.16,163.3 1 0
rumah_resep/api/controllers/recipes/recipes.go:173.82,176.21 2 1
rumah_resep/api/controllers/recipes/recipes.go:185.2,186.16 2 1
rumah_resep/api/controllers/recipes/recipes.go:194.2,194.67 1 1
rumah_resep/api/controllers/recipes/recipes.go:201.2,205.4 1 1
rumah_resep/api/controllers/recipes/recipes.go:176.21,182.3 1 0
rumah_resep/api/controllers/recipes/recipes.go:186.16,192.3 1 0
rumah_resep/api/controllers/recipes/recipes.go:194.67,200.3 1 0
